<?xml version="1.0" encoding="UTF-8"?>
<testng-results ignored="0" total="2" passed="2" failed="0" skipped="0">
  <reporter-output>
  </reporter-output>
  <suite started-at="2024-10-30T17:15:29 IST" name="Suite" finished-at="2024-10-30T17:16:06 IST" duration-ms="36843">
    <groups>
      <group name="regression">
        <method signature="TC001_AccountRigistration.verify_account_registration()[pri:0, instance:testCases.TC001_AccountRigistration@58695725]" name="verify_account_registration" class="testCases.TC001_AccountRigistration"/>
        <method signature="TC001_AccountRigistration.verify_account_registration()[pri:0, instance:testCases.TC001_AccountRigistration@3cebbb30]" name="verify_account_registration" class="testCases.TC001_AccountRigistration"/>
      </group> <!-- regression -->
      <group name="sanity">
        <method signature="TC001_AccountRigistration.verify_account_registration()[pri:0, instance:testCases.TC001_AccountRigistration@58695725]" name="verify_account_registration" class="testCases.TC001_AccountRigistration"/>
        <method signature="TC001_AccountRigistration.verify_account_registration()[pri:0, instance:testCases.TC001_AccountRigistration@3cebbb30]" name="verify_account_registration" class="testCases.TC001_AccountRigistration"/>
      </group> <!-- sanity -->
      <group name="master">
        <method signature="TC001_AccountRigistration.verify_account_registration()[pri:0, instance:testCases.TC001_AccountRigistration@58695725]" name="verify_account_registration" class="testCases.TC001_AccountRigistration"/>
        <method signature="TC001_AccountRigistration.verify_account_registration()[pri:0, instance:testCases.TC001_AccountRigistration@3cebbb30]" name="verify_account_registration" class="testCases.TC001_AccountRigistration"/>
      </group> <!-- master -->
    </groups>
    <test started-at="2024-10-30T17:15:29 IST" name="firefoxtest" finished-at="2024-10-30T17:15:49 IST" duration-ms="19826">
      <class name="testCases.TC001_AccountRigistration">
        <test-method is-config="true" signature="setup(java.lang.String,java.lang.String)[pri:0, instance:testCases.TC001_AccountRigistration@58695725]" started-at="2024-10-30T17:15:29 IST" name="setup" finished-at="2024-10-30T17:15:36 IST" duration-ms="7075" status="PASS">
          <params>
            <param index="0">
              <value>
                <![CDATA[windows]]>
              </value>
            </param>
            <param index="1">
              <value>
                <![CDATA[firefox]]>
              </value>
            </param>
          </params>
          <reporter-output>
          </reporter-output>
        </test-method> <!-- setup -->
        <test-method signature="verify_account_registration()[pri:0, instance:testCases.TC001_AccountRigistration@58695725]" started-at="2024-10-30T17:15:36 IST" name="verify_account_registration" finished-at="2024-10-30T17:15:43 IST" duration-ms="6882" status="PASS">
          <reporter-output>
          </reporter-output>
        </test-method> <!-- verify_account_registration -->
        <test-method is-config="true" signature="teatdown()[pri:0, instance:testCases.TC001_AccountRigistration@58695725]" started-at="2024-10-30T17:15:43 IST" name="teatdown" finished-at="2024-10-30T17:15:49 IST" duration-ms="5847" status="PASS">
          <reporter-output>
          </reporter-output>
        </test-method> <!-- teatdown -->
      </class> <!-- testCases.TC001_AccountRigistration -->
    </test> <!-- firefoxtest -->
    <test started-at="2024-10-30T17:15:49 IST" name="edgetest" finished-at="2024-10-30T17:16:06 IST" duration-ms="16986">
      <class name="testCases.TC001_AccountRigistration">
        <test-method is-config="true" signature="setup(java.lang.String,java.lang.String)[pri:0, instance:testCases.TC001_AccountRigistration@3cebbb30]" started-at="2024-10-30T17:15:49 IST" name="setup" finished-at="2024-10-30T17:15:54 IST" duration-ms="4965" status="PASS">
          <params>
            <param index="0">
              <value>
                <![CDATA[windows]]>
              </value>
            </param>
            <param index="1">
              <value>
                <![CDATA[edge]]>
              </value>
            </param>
          </params>
          <reporter-output>
          </reporter-output>
        </test-method> <!-- setup -->
        <test-method signature="verify_account_registration()[pri:0, instance:testCases.TC001_AccountRigistration@3cebbb30]" started-at="2024-10-30T17:15:54 IST" name="verify_account_registration" finished-at="2024-10-30T17:16:00 IST" duration-ms="6696" status="PASS">
          <reporter-output>
          </reporter-output>
        </test-method> <!-- verify_account_registration -->
        <test-method is-config="true" signature="teatdown()[pri:0, instance:testCases.TC001_AccountRigistration@3cebbb30]" started-at="2024-10-30T17:16:00 IST" name="teatdown" finished-at="2024-10-30T17:16:06 IST" duration-ms="5324" status="PASS">
          <reporter-output>
          </reporter-output>
        </test-method> <!-- teatdown -->
      </class> <!-- testCases.TC001_AccountRigistration -->
    </test> <!-- edgetest -->
  </suite> <!-- Suite -->
</testng-results>
